{"C:\\Users\\Berian Chaiwa\\Kole\\server\\bin\\server.js":{"path":"C:\\Users\\Berian Chaiwa\\Kole\\server\\bin\\server.js","s":{"1":1,"2":1,"3":1,"4":1,"5":1,"6":1,"7":0,"8":1,"9":1,"10":1,"11":0,"12":0,"13":1,"14":1,"15":1,"16":1,"17":1,"18":1,"19":1,"20":0,"21":0,"22":0,"23":1,"24":1,"25":1},"b":{"1":[0,1],"2":[1,0],"3":[0,0]},"f":{"1":1,"2":0,"3":0,"4":1},"fnMap":{"1":{"name":"(anonymous_1)","line":47,"loc":{"start":{"line":47,"column":20},"end":{"line":47,"column":32}}},"2":{"name":"(anonymous_2)","line":52,"loc":{"start":{"line":52,"column":21},"end":{"line":52,"column":31}}},"3":{"name":"(anonymous_3)","line":53,"loc":{"start":{"line":53,"column":15},"end":{"line":53,"column":25}}},"4":{"name":"(anonymous_4)","line":59,"loc":{"start":{"line":59,"column":42},"end":{"line":59,"column":54}}}},"statementMap":{"1":{"start":{"line":4,"column":0},"end":{"line":9,"column":40}},"2":{"start":{"line":12,"column":0},"end":{"line":12,"column":27}},"3":{"start":{"line":13,"column":0},"end":{"line":15,"column":4}},"4":{"start":{"line":16,"column":0},"end":{"line":16,"column":47}},"5":{"start":{"line":25,"column":0},"end":{"line":25,"column":29}},"6":{"start":{"line":28,"column":0},"end":{"line":43,"column":1}},"7":{"start":{"line":29,"column":2},"end":{"line":29,"column":45}},"8":{"start":{"line":32,"column":2},"end":{"line":32,"column":42}},"9":{"start":{"line":33,"column":2},"end":{"line":38,"column":3}},"10":{"start":{"line":34,"column":4},"end":{"line":34,"column":45}},"11":{"start":{"line":36,"column":7},"end":{"line":38,"column":3}},"12":{"start":{"line":37,"column":4},"end":{"line":37,"column":45}},"13":{"start":{"line":39,"column":2},"end":{"line":39,"column":36}},"14":{"start":{"line":42,"column":2},"end":{"line":42,"column":40}},"15":{"start":{"line":45,"column":0},"end":{"line":45,"column":33}},"16":{"start":{"line":46,"column":0},"end":{"line":46,"column":119}},"17":{"start":{"line":47,"column":0},"end":{"line":50,"column":3}},"18":{"start":{"line":49,"column":4},"end":{"line":49,"column":76}},"19":{"start":{"line":52,"column":0},"end":{"line":57,"column":3}},"20":{"start":{"line":53,"column":2},"end":{"line":56,"column":5}},"21":{"start":{"line":54,"column":4},"end":{"line":54,"column":94}},"22":{"start":{"line":55,"column":4},"end":{"line":55,"column":20}},"23":{"start":{"line":59,"column":0},"end":{"line":61,"column":3}},"24":{"start":{"line":60,"column":2},"end":{"line":60,"column":88}},"25":{"start":{"line":64,"column":0},"end":{"line":64,"column":24}}},"branchMap":{"1":{"line":28,"type":"if","locations":[{"start":{"line":28,"column":0},"end":{"line":28,"column":0}},{"start":{"line":28,"column":0},"end":{"line":28,"column":0}}]},"2":{"line":33,"type":"if","locations":[{"start":{"line":33,"column":2},"end":{"line":33,"column":2}},{"start":{"line":33,"column":2},"end":{"line":33,"column":2}}]},"3":{"line":36,"type":"if","locations":[{"start":{"line":36,"column":7},"end":{"line":36,"column":7}},{"start":{"line":36,"column":7},"end":{"line":36,"column":7}}]}}},"C:\\Users\\Berian Chaiwa\\Kole\\server\\app\\router.js":{"path":"C:\\Users\\Berian Chaiwa\\Kole\\server\\app\\router.js","s":{"1":1,"2":1,"3":0,"4":1},"b":{},"f":{"1":1,"2":0},"fnMap":{"1":{"name":"(anonymous_1)","line":1,"loc":{"start":{"line":1,"column":17},"end":{"line":1,"column":31}}},"2":{"name":"(anonymous_2)","line":4,"loc":{"start":{"line":4,"column":15},"end":{"line":4,"column":33}}}},"statementMap":{"1":{"start":{"line":1,"column":0},"end":{"line":14,"column":1}},"2":{"start":{"line":4,"column":2},"end":{"line":6,"column":5}},"3":{"start":{"line":5,"column":4},"end":{"line":5,"column":61}},"4":{"start":{"line":9,"column":2},"end":{"line":9,"column":64}}},"branchMap":{}},"C:\\Users\\Berian Chaiwa\\Kole\\server\\app\\routes\\students.router.js":{"path":"C:\\Users\\Berian Chaiwa\\Kole\\server\\app\\routes\\students.router.js","s":{"1":1,"2":1,"3":1,"4":1,"5":1},"b":{},"f":{},"fnMap":{},"statementMap":{"1":{"start":{"line":1,"column":0},"end":{"line":1,"column":41}},"2":{"start":{"line":3,"column":0},"end":{"line":3,"column":63}},"3":{"start":{"line":5,"column":0},"end":{"line":7,"column":33}},"4":{"start":{"line":10,"column":0},"end":{"line":12,"column":34}},"5":{"start":{"line":18,"column":2},"end":{"line":18,"column":26}}},"branchMap":{}},"C:\\Users\\Berian Chaiwa\\Kole\\server\\app\\controllers\\students.controller.js":{"path":"C:\\Users\\Berian Chaiwa\\Kole\\server\\app\\controllers\\students.controller.js","s":{"1":1,"2":1,"3":1,"4":1,"5":1,"6":1,"7":1,"8":1},"b":{},"f":{"1":1,"2":1,"3":1,"4":1},"fnMap":{"1":{"name":"(anonymous_1)","line":4,"loc":{"start":{"line":4,"column":25},"end":{"line":4,"column":45}}},"2":{"name":"(anonymous_2)","line":5,"loc":{"start":{"line":5,"column":26},"end":{"line":5,"column":49}}},"3":{"name":"(anonymous_3)","line":11,"loc":{"start":{"line":11,"column":26},"end":{"line":11,"column":46}}},"4":{"name":"(anonymous_4)","line":13,"loc":{"start":{"line":13,"column":30},"end":{"line":13,"column":53}}}},"statementMap":{"1":{"start":{"line":1,"column":0},"end":{"line":1,"column":49}},"2":{"start":{"line":4,"column":0},"end":{"line":8,"column":1}},"3":{"start":{"line":5,"column":2},"end":{"line":7,"column":4}},"4":{"start":{"line":6,"column":4},"end":{"line":6,"column":30}},"5":{"start":{"line":11,"column":0},"end":{"line":16,"column":1}},"6":{"start":{"line":12,"column":2},"end":{"line":12,"column":25}},"7":{"start":{"line":13,"column":2},"end":{"line":15,"column":5}},"8":{"start":{"line":14,"column":4},"end":{"line":14,"column":28}}},"branchMap":{}},"C:\\Users\\Berian Chaiwa\\Kole\\server\\app\\models\\student.model.js":{"path":"C:\\Users\\Berian Chaiwa\\Kole\\server\\app\\models\\student.model.js","s":{"1":1,"2":1,"3":1,"4":1},"b":{},"f":{},"fnMap":{},"statementMap":{"1":{"start":{"line":2,"column":0},"end":{"line":2,"column":35}},"2":{"start":{"line":4,"column":0},"end":{"line":18,"column":3}},"3":{"start":{"line":20,"column":0},"end":{"line":20,"column":55}},"4":{"start":{"line":22,"column":0},"end":{"line":22,"column":25}}},"branchMap":{}}}