{"C:\\Users\\Berian Chaiwa\\Kole\\server\\bin\\server.js":{"path":"C:\\Users\\Berian Chaiwa\\Kole\\server\\bin\\server.js","s":{"1":1,"2":1,"3":1,"4":1,"5":1,"6":1,"7":1,"8":1,"9":1,"10":1,"11":0,"12":1,"13":1,"14":0,"15":1,"16":0,"17":1,"18":0,"19":0,"20":0,"21":1,"22":1,"23":0,"24":1,"25":1,"26":1},"b":{"1":[1,0],"2":[0,1]},"f":{"1":0,"2":0,"3":0,"4":0,"5":0,"6":1},"fnMap":{"1":{"name":"(anonymous_1)","line":31,"loc":{"start":{"line":31,"column":23},"end":{"line":31,"column":34}}},"2":{"name":"(anonymous_2)","line":44,"loc":{"start":{"line":44,"column":26},"end":{"line":44,"column":37}}},"3":{"name":"(anonymous_3)","line":48,"loc":{"start":{"line":48,"column":25},"end":{"line":48,"column":35}}},"4":{"name":"(anonymous_4)","line":52,"loc":{"start":{"line":52,"column":21},"end":{"line":52,"column":31}}},"5":{"name":"(anonymous_5)","line":53,"loc":{"start":{"line":53,"column":15},"end":{"line":53,"column":25}}},"6":{"name":"(anonymous_6)","line":62,"loc":{"start":{"line":62,"column":42},"end":{"line":62,"column":66}}}},"statementMap":{"1":{"start":{"line":4,"column":0},"end":{"line":9,"column":40}},"2":{"start":{"line":12,"column":0},"end":{"line":12,"column":27}},"3":{"start":{"line":13,"column":0},"end":{"line":15,"column":4}},"4":{"start":{"line":20,"column":0},"end":{"line":20,"column":40}},"5":{"start":{"line":21,"column":0},"end":{"line":23,"column":1}},"6":{"start":{"line":22,"column":2},"end":{"line":22,"column":43}},"7":{"start":{"line":24,"column":0},"end":{"line":24,"column":34}},"8":{"start":{"line":27,"column":2},"end":{"line":27,"column":40}},"9":{"start":{"line":29,"column":0},"end":{"line":29,"column":33}},"10":{"start":{"line":31,"column":0},"end":{"line":40,"column":3}},"11":{"start":{"line":34,"column":2},"end":{"line":34,"column":77}},"12":{"start":{"line":42,"column":0},"end":{"line":42,"column":101}},"13":{"start":{"line":44,"column":0},"end":{"line":46,"column":3}},"14":{"start":{"line":45,"column":2},"end":{"line":45,"column":77}},"15":{"start":{"line":48,"column":0},"end":{"line":50,"column":3}},"16":{"start":{"line":49,"column":2},"end":{"line":49,"column":82}},"17":{"start":{"line":52,"column":0},"end":{"line":57,"column":3}},"18":{"start":{"line":53,"column":2},"end":{"line":56,"column":5}},"19":{"start":{"line":54,"column":4},"end":{"line":54,"column":94}},"20":{"start":{"line":55,"column":4},"end":{"line":55,"column":20}},"21":{"start":{"line":62,"column":0},"end":{"line":68,"column":3}},"22":{"start":{"line":63,"column":2},"end":{"line":65,"column":3}},"23":{"start":{"line":64,"column":4},"end":{"line":64,"column":90}},"24":{"start":{"line":67,"column":2},"end":{"line":67,"column":121}},"25":{"start":{"line":71,"column":0},"end":{"line":71,"column":29}},"26":{"start":{"line":74,"column":0},"end":{"line":74,"column":24}}},"branchMap":{"1":{"line":21,"type":"if","locations":[{"start":{"line":21,"column":0},"end":{"line":21,"column":0}},{"start":{"line":21,"column":0},"end":{"line":21,"column":0}}]},"2":{"line":63,"type":"if","locations":[{"start":{"line":63,"column":2},"end":{"line":63,"column":2}},{"start":{"line":63,"column":2},"end":{"line":63,"column":2}}]}}},"C:\\Users\\Berian Chaiwa\\Kole\\server\\app\\router.js":{"path":"C:\\Users\\Berian Chaiwa\\Kole\\server\\app\\router.js","s":{"1":1,"2":1},"b":{},"f":{"1":1},"fnMap":{"1":{"name":"(anonymous_1)","line":1,"loc":{"start":{"line":1,"column":17},"end":{"line":1,"column":31}}}},"statementMap":{"1":{"start":{"line":1,"column":0},"end":{"line":5,"column":1}},"2":{"start":{"line":4,"column":2},"end":{"line":4,"column":64}}},"branchMap":{}},"C:\\Users\\Berian Chaiwa\\Kole\\server\\app\\routes\\students.router.js":{"path":"C:\\Users\\Berian Chaiwa\\Kole\\server\\app\\routes\\students.router.js","s":{"1":1,"2":1,"3":1,"4":1,"5":1},"b":{},"f":{},"fnMap":{},"statementMap":{"1":{"start":{"line":1,"column":0},"end":{"line":1,"column":41}},"2":{"start":{"line":3,"column":0},"end":{"line":3,"column":63}},"3":{"start":{"line":5,"column":0},"end":{"line":7,"column":33}},"4":{"start":{"line":10,"column":0},"end":{"line":12,"column":34}},"5":{"start":{"line":18,"column":2},"end":{"line":18,"column":26}}},"branchMap":{}},"C:\\Users\\Berian Chaiwa\\Kole\\server\\app\\controllers\\students.controller.js":{"path":"C:\\Users\\Berian Chaiwa\\Kole\\server\\app\\controllers\\students.controller.js","s":{"1":1,"2":1,"3":0,"4":0,"5":1,"6":0,"7":0,"8":0},"b":{},"f":{"1":0,"2":0,"3":0,"4":0},"fnMap":{"1":{"name":"(anonymous_1)","line":4,"loc":{"start":{"line":4,"column":25},"end":{"line":4,"column":45}}},"2":{"name":"(anonymous_2)","line":5,"loc":{"start":{"line":5,"column":26},"end":{"line":5,"column":49}}},"3":{"name":"(anonymous_3)","line":11,"loc":{"start":{"line":11,"column":26},"end":{"line":11,"column":46}}},"4":{"name":"(anonymous_4)","line":13,"loc":{"start":{"line":13,"column":30},"end":{"line":13,"column":53}}}},"statementMap":{"1":{"start":{"line":1,"column":0},"end":{"line":1,"column":49}},"2":{"start":{"line":4,"column":0},"end":{"line":8,"column":1}},"3":{"start":{"line":5,"column":2},"end":{"line":7,"column":4}},"4":{"start":{"line":6,"column":4},"end":{"line":6,"column":30}},"5":{"start":{"line":11,"column":0},"end":{"line":16,"column":1}},"6":{"start":{"line":12,"column":2},"end":{"line":12,"column":25}},"7":{"start":{"line":13,"column":2},"end":{"line":15,"column":5}},"8":{"start":{"line":14,"column":4},"end":{"line":14,"column":28}}},"branchMap":{}},"C:\\Users\\Berian Chaiwa\\Kole\\server\\app\\models\\student.model.js":{"path":"C:\\Users\\Berian Chaiwa\\Kole\\server\\app\\models\\student.model.js","s":{"1":1,"2":1,"3":1,"4":1},"b":{},"f":{},"fnMap":{},"statementMap":{"1":{"start":{"line":2,"column":0},"end":{"line":2,"column":35}},"2":{"start":{"line":4,"column":0},"end":{"line":18,"column":3}},"3":{"start":{"line":20,"column":0},"end":{"line":20,"column":55}},"4":{"start":{"line":22,"column":0},"end":{"line":22,"column":25}}},"branchMap":{}}}