TN:
SF:C:\Users\Berian Chaiwa\Kole\server\bin\server.js
FN:47,(anonymous_1)
FN:52,(anonymous_2)
FN:53,(anonymous_3)
FN:59,(anonymous_4)
FNF:4
FNH:1
FNDA:0,(anonymous_1)
FNDA:0,(anonymous_2)
FNDA:0,(anonymous_3)
FNDA:1,(anonymous_4)
DA:4,1
DA:12,1
DA:13,1
DA:16,1
DA:25,1
DA:28,1
DA:29,0
DA:32,1
DA:33,1
DA:34,1
DA:36,0
DA:37,0
DA:39,1
DA:42,1
DA:45,1
DA:46,1
DA:47,1
DA:49,0
DA:52,1
DA:53,0
DA:54,0
DA:55,0
DA:59,1
DA:60,1
DA:64,1
LF:25
LH:18
BRDA:28,1,0,0
BRDA:28,1,1,1
BRDA:33,2,0,1
BRDA:33,2,1,0
BRDA:36,3,0,0
BRDA:36,3,1,0
BRF:6
BRH:2
end_of_record
TN:
SF:C:\Users\Berian Chaiwa\Kole\server\app\router.js
FN:1,(anonymous_1)
FN:4,(anonymous_2)
FNF:2
FNH:1
FNDA:1,(anonymous_1)
FNDA:0,(anonymous_2)
DA:1,1
DA:4,1
DA:5,0
DA:9,1
LF:4
LH:3
BRF:0
BRH:0
end_of_record
TN:
SF:C:\Users\Berian Chaiwa\Kole\server\app\routes\students.router.js
FNF:0
FNH:0
DA:1,1
DA:3,1
DA:5,1
DA:10,1
DA:18,1
LF:5
LH:5
BRF:0
BRH:0
end_of_record
TN:
SF:C:\Users\Berian Chaiwa\Kole\server\app\controllers\students.controller.js
FN:4,(anonymous_1)
FN:5,(anonymous_2)
FN:11,(anonymous_3)
FN:13,(anonymous_4)
FNF:4
FNH:0
FNDA:0,(anonymous_1)
FNDA:0,(anonymous_2)
FNDA:0,(anonymous_3)
FNDA:0,(anonymous_4)
DA:1,1
DA:4,1
DA:5,0
DA:6,0
DA:11,1
DA:12,0
DA:13,0
DA:14,0
LF:8
LH:3
BRF:0
BRH:0
end_of_record
TN:
SF:C:\Users\Berian Chaiwa\Kole\server\app\models\student.model.js
FNF:0
FNH:0
DA:2,1
DA:4,1
DA:20,1
DA:22,1
LF:4
LH:4
BRF:0
BRH:0
end_of_record
